<?xml version="1.0" encoding="UTF-8"?>
<!-- Generated by org.testng.reporters.JUnitXMLReporter -->
<testsuite ignored="0" hostname="LAPTOP-UU4U0ELH" failures="0" tests="3" name="Test-Runner_Chrome" time="129.916" errors="0" timestamp="2022-05-04T00:07:09 IST">
  <testcase classname="Com.Vtiger.TestCases.Tc02_createContact_test" name="createcontact_org" time="43.788"/>
  <testcase classname="Com.Vtiger.TestCases.Tc03_CreateOrg_DD" name="createorg_dd" time="27.475"/>
  <testcase classname="Com.Vtiger.TestCases.Tc01_CreateOrg" name="createorg" time="22.228"/>
</testsuite> <!-- Test-Runner_Chrome -->
