<?xml version="1.0" encoding="UTF-8"?>
<!-- Generated by org.testng.reporters.JUnitReportReporter -->
<testsuite hostname="LAPTOP-UU4U0ELH" failures="0" tests="1" name="DDTpackage.ReadingdatafromJSONTest" time="0.020" errors="0" timestamp="2022-05-10T23:33:52 IST" skipped="0">
  <testcase classname="DDTpackage.ReadingdatafromJSONTest" name="ReadingdatafromJSONTest" time="0.020"/>
  <system-out/>
</testsuite> <!-- DDTpackage.ReadingdatafromJSONTest -->
