<?xml version="1.0" encoding="UTF-8"?>
<!-- Generated by org.testng.reporters.JUnitReportReporter -->
<testsuite hostname="LAPTOP-UU4U0ELH" failures="0" tests="2" name="Com.Vtiger.TestCases.Tc01_CreateOrg" time="127.988" errors="0" timestamp="2022-05-04T17:28:47 IST" skipped="0">
  <testcase classname="Com.Vtiger.TestCases.Tc01_CreateOrg" name="createorg" time="63.961"/>
  <system-out/>
  <testcase classname="Com.Vtiger.TestCases.Tc01_CreateOrg" name="createorg" time="64.027"/>
  <system-out/>
</testsuite> <!-- Com.Vtiger.TestCases.Tc01_CreateOrg -->
