<?xml version="1.0" encoding="UTF-8"?>
<!-- Generated by org.testng.reporters.JUnitReportReporter -->
<testsuite hostname="LAPTOP-UU4U0ELH" failures="0" tests="1" name="Com.TesTNG.Screenshot" time="3.845" errors="0" timestamp="2022-05-05T12:29:58 IST" skipped="0">
  <testcase classname="Com.TesTNG.Screenshot" name="screenshot" time="3.845"/>
  <system-out/>
</testsuite> <!-- Com.TesTNG.Screenshot -->
