<?xml version="1.0" encoding="UTF-8"?>
<!-- Generated by org.testng.reporters.JUnitReportReporter -->
<testsuite hostname="LAPTOP-UU4U0ELH" failures="0" tests="2" name="Com.Vtiger.TestCases.Tc03_CreateOrg_DD" time="148.225" errors="0" timestamp="2022-05-04T17:28:47 IST" skipped="0">
  <testcase classname="Com.Vtiger.TestCases.Tc03_CreateOrg_DD" name="createorg_dd" time="74.443"/>
  <system-out/>
  <testcase classname="Com.Vtiger.TestCases.Tc03_CreateOrg_DD" name="createorg_dd" time="73.782"/>
  <system-out/>
</testsuite> <!-- Com.Vtiger.TestCases.Tc03_CreateOrg_DD -->
