<?xml version="1.0" encoding="UTF-8"?>
<!-- Generated by org.testng.reporters.JUnitReportReporter -->
<testsuite hostname="LAPTOP-UU4U0ELH" failures="0" tests="1" name="Com.TesTNG.TestCase2" time="0.012" errors="0" timestamp="2022-05-03T22:45:48 IST" skipped="0">
  <testcase classname="Com.TesTNG.TestCase2" name="validateTitle" time="0.012"/>
  <system-out/>
</testsuite> <!-- Com.TesTNG.TestCase2 -->
