<?xml version="1.0" encoding="UTF-8"?>
<!-- Generated by org.testng.reporters.JUnitReportReporter -->
<testsuite hostname="LAPTOP-UU4U0ELH" failures="0" tests="4" name="Com.TesTNG.Testdata" time="0.010" errors="0" timestamp="2022-05-04T22:03:24 IST" skipped="0">
  <testcase classname="Com.TesTNG.Testdata" name="doUserReg" time="0.004"/>
  <system-out/>
  <testcase classname="Com.TesTNG.Testdata" name="doLogin" time="0.004"/>
  <system-out/>
  <testcase classname="Com.TesTNG.Testdata" name="thirdTest" time="0.000"/>
  <system-out/>
  <testcase classname="Com.TesTNG.Testdata" name="fourthTest" time="0.002"/>
  <system-out/>
</testsuite> <!-- Com.TesTNG.Testdata -->
