<?xml version="1.0" encoding="UTF-8"?>
<!-- Generated by org.testng.reporters.JUnitReportReporter -->
<testsuite hostname="LAPTOP-UU4U0ELH" failures="0" tests="3" name="Com.TesTNG.Test1" time="0.010" errors="0" timestamp="2022-05-04T15:35:57 IST" skipped="0">
  <testcase classname="Com.TesTNG.Test1" name="testWebapp" time="0.000"/>
  <system-out/>
  <testcase classname="Com.TesTNG.Test1" name="testAndroidapp" time="0.008"/>
  <system-out/>
  <testcase classname="Com.TesTNG.Test1" name="testWebapp1" time="0.002"/>
  <system-out/>
</testsuite> <!-- Com.TesTNG.Test1 -->
