<?xml version="1.0" encoding="UTF-8"?>
<!-- Generated by org.testng.reporters.JUnitReportReporter -->
<testsuite hostname="LAPTOP-UU4U0ELH" failures="0" tests="1" name="Com.Vtiger.TestCases.Tc02_CreateOrg_DD" time="35.609" errors="0" timestamp="2022-05-03T23:30:00 IST" skipped="0">
  <testcase classname="Com.Vtiger.TestCases.Tc02_CreateOrg_DD" name="createorg_dd" time="35.609"/>
  <system-out/>
</testsuite> <!-- Com.Vtiger.TestCases.Tc02_CreateOrg_DD -->
