<?xml version="1.0" encoding="UTF-8"?>
<!-- Generated by org.testng.reporters.JUnitReportReporter -->
<testsuite hostname="LAPTOP-UU4U0ELH" failures="0" tests="8" name="Com.TesTNG.GroupingExecution" time="0.018" errors="0" timestamp="2022-05-04T15:08:06 IST" skipped="0">
  <testcase classname="Com.TesTNG.GroupingExecution" name="ft2" time="0.003"/>
  <system-out>
    <![CDATA[ft2]]>
  </system-out>
  <testcase classname="Com.TesTNG.GroupingExecution" name="smoke1" time="0.001"/>
  <system-out>
    <![CDATA[smoke1]]>
  </system-out>
  <testcase classname="Com.TesTNG.GroupingExecution" name="it2" time="0.001"/>
  <system-out>
    <![CDATA[it2]]>
  </system-out>
  <testcase classname="Com.TesTNG.GroupingExecution" name="it1" time="0.001"/>
  <system-out>
    <![CDATA[it1]]>
  </system-out>
  <testcase classname="Com.TesTNG.GroupingExecution" name="ft1" time="0.008"/>
  <system-out>
    <![CDATA[ft1]]>
  </system-out>
  <testcase classname="Com.TesTNG.GroupingExecution" name="smoke2" time="0.000"/>
  <system-out>
    <![CDATA[smoke2]]>
  </system-out>
  <testcase classname="Com.TesTNG.GroupingExecution" name="smoke3" time="0.001"/>
  <system-out>
    <![CDATA[smoke3]]>
  </system-out>
  <testcase classname="Com.TesTNG.GroupingExecution" name="smoke4" time="0.003"/>
  <system-out>
    <![CDATA[smoke4]]>
  </system-out>
</testsuite> <!-- Com.TesTNG.GroupingExecution -->
