<?xml version="1.0" encoding="UTF-8"?>
<!-- Generated by org.testng.reporters.JUnitReportReporter -->
<testsuite hostname="LAPTOP-UU4U0ELH" failures="0" tests="1" name="DDTpackage.ReadingDataFromXMLTest" time="0.025" errors="0" timestamp="2022-05-10T23:18:02 IST" skipped="0">
  <testcase classname="DDTpackage.ReadingDataFromXMLTest" name="readingDataFromXMLTest" time="0.025"/>
  <system-out/>
</testsuite> <!-- DDTpackage.ReadingDataFromXMLTest -->
