<?xml version="1.0" encoding="UTF-8"?>
<!-- Generated by org.testng.reporters.JUnitReportReporter -->
<testsuite hostname="LAPTOP-UU4U0ELH" failures="0" tests="1" name="Com.Vtiger.TestCases.Tc_Contact_Test" time="50.286" errors="0" timestamp="2022-05-03T23:18:26 IST" skipped="0">
  <testcase classname="Com.Vtiger.TestCases.Tc_Contact_Test" name="createContact" time="50.286"/>
  <system-out/>
</testsuite> <!-- Com.Vtiger.TestCases.Tc_Contact_Test -->
