<?xml version="1.0" encoding="UTF-8"?>
<!-- Generated by org.testng.reporters.JUnitReportReporter -->
<testsuite hostname="LAPTOP-UU4U0ELH" failures="0" tests="2" name="Com.TesTNG.DataDrivenInTestNG" time="0.002" errors="0" timestamp="2022-05-04T15:08:06 IST" skipped="0">
  <testcase classname="Com.TesTNG.DataDrivenInTestNG" name="getCred" time="0.001"/>
  <system-out>
    <![CDATA[admin1---pw+]]>
  </system-out>
  <testcase classname="Com.TesTNG.DataDrivenInTestNG" name="getCred" time="0.001"/>
  <system-out>
    <![CDATA[admin2---pw+]]>
  </system-out>
</testsuite> <!-- Com.TesTNG.DataDrivenInTestNG -->
