<?xml version="1.0" encoding="UTF-8"?>
<!-- Generated by org.testng.reporters.JUnitReportReporter -->
<testsuite hostname="LAPTOP-UU4U0ELH" failures="0" tests="4" name="Regression.Testdata" time="0.009" errors="0" timestamp="2022-05-03T23:35:19 IST" skipped="0">
  <testcase classname="Regression.Testdata" name="doUserReg" time="0.003"/>
  <system-out/>
  <testcase classname="Regression.Testdata" name="doLogin" time="0.002"/>
  <system-out/>
  <testcase classname="Regression.Testdata" name="thirdTest" time="0.003"/>
  <system-out/>
  <testcase classname="Regression.Testdata" name="fourthTest" time="0.001"/>
  <system-out/>
</testsuite> <!-- Regression.Testdata -->
